<?xml version="1.0" encoding="UTF-8"?>
<!-- Generated by org.testng.reporters.JUnitReportReporter -->
<testsuite hostname="AD-162-H" failures="0" tests="2" name="WebAutomation.BoardTest" time="2.661" errors="0" timestamp="2025-07-05T18:48:54 IST" skipped="0">
  <testcase classname="WebAutomation.BoardTest" name="createBoardAndAddLists" time="2.359"/>
  <testcase classname="WebAutomation.BoardTest" name="deleteListAndValidate" time="0.302"/>
</testsuite> <!-- WebAutomation.BoardTest -->
