<?xml version="1.0" encoding="UTF-8"?>
<!-- Generated by org.testng.reporters.JUnitReportReporter -->
<testsuite hostname="AD-162-H" failures="0" tests="2" name="WebAutomation.BoardTest" time="2.164" errors="0" timestamp="2025-07-06T20:45:26 IST" skipped="0">
  <testcase classname="WebAutomation.BoardTest" name="createBoardAndAddLists" time="1.911"/>
  <testcase classname="WebAutomation.BoardTest" name="deleteListAndValidate" time="0.253"/>
</testsuite> <!-- WebAutomation.BoardTest -->
