<?xml version="1.0" encoding="UTF-8"?>
<!-- Generated by org.testng.reporters.JUnitReportReporter -->
<testsuite hostname="AD-162-H" failures="0" tests="2" name="WebAutomation.BoardTest" time="1.932" errors="0" timestamp="2025-07-06T17:59:36 IST" skipped="0">
  <testcase classname="WebAutomation.BoardTest" name="createBoardAndAddLists" time="1.695"/>
  <testcase classname="WebAutomation.BoardTest" name="deleteListAndValidate" time="0.237"/>
</testsuite> <!-- WebAutomation.BoardTest -->
